f:\workspaces\visualstudio\leetcode\leetcode\x64\release\vc141.pdb
f:\workspaces\visualstudio\leetcode\leetcode\x64\release\leetcode209.obj
f:\workspaces\visualstudio\leetcode\leetcode\x64\release\leetcode206.obj
f:\workspaces\visualstudio\leetcode\leetcode\x64\release\leetcode203.obj
f:\workspaces\visualstudio\leetcode\leetcode\x64\release\leetcode202.obj
f:\workspaces\visualstudio\leetcode\leetcode\x64\release\leetcode20.obj
f:\workspaces\visualstudio\leetcode\leetcode\x64\release\leetcode2.obj
f:\workspaces\visualstudio\leetcode\leetcode\x64\release\leetcode199.obj
f:\workspaces\visualstudio\leetcode\leetcode\x64\release\leetcode19.obj
f:\workspaces\visualstudio\leetcode\leetcode\x64\release\leetcode167.obj
f:\workspaces\visualstudio\leetcode\leetcode\x64\release\leetcode150.obj
f:\workspaces\visualstudio\leetcode\leetcode\x64\release\leetcode148.obj
f:\workspaces\visualstudio\leetcode\leetcode\x64\release\leetcode147.obj
f:\workspaces\visualstudio\leetcode\leetcode\x64\release\leetcode145.obj
f:\workspaces\visualstudio\leetcode\leetcode\x64\release\leetcode144.obj
f:\workspaces\visualstudio\leetcode\leetcode\x64\release\leetcode143.obj
f:\workspaces\visualstudio\leetcode\leetcode\x64\release\leetcode125.obj
f:\workspaces\visualstudio\leetcode\leetcode\x64\release\leetcode11.obj
f:\workspaces\visualstudio\leetcode\leetcode\x64\release\leetcode107.obj
f:\workspaces\visualstudio\leetcode\leetcode\x64\release\leetcode103.obj
f:\workspaces\visualstudio\leetcode\leetcode\x64\release\leetcode102.obj
f:\workspaces\visualstudio\leetcode\leetcode\x64\release\leetcode35.obj
f:\workspaces\visualstudio\leetcode\leetcode\x64\release\leetcode349.obj
f:\workspaces\visualstudio\leetcode\leetcode\x64\release\leetcode345.obj
f:\workspaces\visualstudio\leetcode\leetcode\x64\release\leetcode344.obj
f:\workspaces\visualstudio\leetcode\leetcode\x64\release\leetcode341.obj
f:\workspaces\visualstudio\leetcode\leetcode\x64\release\leetcode328.obj
f:\workspaces\visualstudio\leetcode\leetcode\x64\release\leetcode3.obj
f:\workspaces\visualstudio\leetcode\leetcode\x64\release\leetcode290.obj
f:\workspaces\visualstudio\leetcode\leetcode\x64\release\leetcode14.obj
f:\workspaces\visualstudio\leetcode\leetcode\x64\release\leetcode13.obj
f:\workspaces\visualstudio\leetcode\leetcode\x64\release\leetcode283.obj
f:\workspaces\visualstudio\leetcode\leetcode\x64\release\leetcode27.obj
f:\workspaces\visualstudio\leetcode\leetcode\x64\release\leetcode26.obj
f:\workspaces\visualstudio\leetcode\leetcode\x64\release\leetcode25.obj
f:\workspaces\visualstudio\leetcode\leetcode\x64\release\leetcode242.obj
f:\workspaces\visualstudio\leetcode\leetcode\x64\release\leetcode24.obj
f:\workspaces\visualstudio\leetcode\leetcode\x64\release\leetcode237.obj
f:\workspaces\visualstudio\leetcode\leetcode\x64\release\leetcode234.obj
f:\workspaces\visualstudio\leetcode\leetcode\x64\release\leetcode215.obj
f:\workspaces\visualstudio\leetcode\leetcode\x64\release\leetcode21.obj
f:\workspaces\visualstudio\leetcode\leetcode\x64\release\test.obj
f:\workspaces\visualstudio\leetcode\leetcode\x64\release\quicksort.obj
f:\workspaces\visualstudio\leetcode\leetcode\x64\release\leetcode94.obj
f:\workspaces\visualstudio\leetcode\leetcode\x64\release\leetcode92.obj
f:\workspaces\visualstudio\leetcode\leetcode\x64\release\leetcode88.obj
f:\workspaces\visualstudio\leetcode\leetcode\x64\release\leetcode86.obj
f:\workspaces\visualstudio\leetcode\leetcode\x64\release\leetcode844.obj
f:\workspaces\visualstudio\leetcode\leetcode\x64\release\leetcode83.obj
f:\workspaces\visualstudio\leetcode\leetcode\x64\release\leetcode82.obj
f:\workspaces\visualstudio\leetcode\leetcode\x64\release\leetcode80.obj
f:\workspaces\visualstudio\leetcode\leetcode\x64\release\leetcode75.obj
f:\workspaces\visualstudio\leetcode\leetcode\x64\release\leetcode70.obj
f:\workspaces\visualstudio\leetcode\leetcode\x64\release\leetcode61.obj
f:\workspaces\visualstudio\leetcode\leetcode\x64\release\leetcode445.obj
f:\workspaces\visualstudio\leetcode\leetcode\x64\release\leetcode438.obj
f:\workspaces\visualstudio\leetcode\leetcode\x64\release\leetcode350.obj
f:\workspaces\visualstudio\leetcode\x64\release\leetcode.ipdb
f:\workspaces\visualstudio\leetcode\x64\release\leetcode.iobj
f:\workspaces\visualstudio\leetcode\x64\release\leetcode.exe
f:\workspaces\visualstudio\leetcode\x64\release\leetcode.pdb
f:\workspaces\visualstudio\leetcode\leetcode\x64\release\leetcode.tlog\cl.command.1.tlog
f:\workspaces\visualstudio\leetcode\leetcode\x64\release\leetcode.tlog\cl.read.1.tlog
f:\workspaces\visualstudio\leetcode\leetcode\x64\release\leetcode.tlog\cl.write.1.tlog
f:\workspaces\visualstudio\leetcode\leetcode\x64\release\leetcode.tlog\leetcode.write.1u.tlog
f:\workspaces\visualstudio\leetcode\leetcode\x64\release\leetcode.tlog\link.command.1.tlog
f:\workspaces\visualstudio\leetcode\leetcode\x64\release\leetcode.tlog\link.read.1.tlog
f:\workspaces\visualstudio\leetcode\leetcode\x64\release\leetcode.tlog\link.write.1.tlog
