f:\workspaces\visualstudio\leetcode\leetcode\x64\debug\vc141.pdb
f:\workspaces\visualstudio\leetcode\leetcode\x64\debug\vc141.idb
f:\workspaces\visualstudio\leetcode\leetcode\x64\debug\leetcode349.obj
f:\workspaces\visualstudio\leetcode\leetcode\x64\debug\leetcode345.obj
f:\workspaces\visualstudio\leetcode\leetcode\x64\debug\leetcode344.obj
f:\workspaces\visualstudio\leetcode\leetcode\x64\debug\leetcode328.obj
f:\workspaces\visualstudio\leetcode\leetcode\x64\debug\leetcode3.obj
f:\workspaces\visualstudio\leetcode\leetcode\x64\debug\leetcode290.obj
f:\workspaces\visualstudio\leetcode\leetcode\x64\debug\leetcode14.obj
f:\workspaces\visualstudio\leetcode\leetcode\x64\debug\leetcode13.obj
f:\workspaces\visualstudio\leetcode\leetcode\x64\debug\leetcode283.obj
f:\workspaces\visualstudio\leetcode\leetcode\x64\debug\leetcode27.obj
f:\workspaces\visualstudio\leetcode\leetcode\x64\debug\leetcode26.obj
f:\workspaces\visualstudio\leetcode\leetcode\x64\debug\leetcode242.obj
f:\workspaces\visualstudio\leetcode\leetcode\x64\debug\leetcode215.obj
f:\workspaces\visualstudio\leetcode\leetcode\x64\debug\leetcode209.obj
f:\workspaces\visualstudio\leetcode\leetcode\x64\debug\leetcode206.obj
f:\workspaces\visualstudio\leetcode\leetcode\x64\debug\leetcode202.obj
f:\workspaces\visualstudio\leetcode\leetcode\x64\debug\leetcode2.obj
f:\workspaces\visualstudio\leetcode\leetcode\x64\debug\leetcode167.obj
f:\workspaces\visualstudio\leetcode\leetcode\x64\debug\leetcode125.obj
f:\workspaces\visualstudio\leetcode\leetcode\x64\debug\leetcode11.obj
f:\workspaces\visualstudio\leetcode\leetcode\x64\debug\quicksort.obj
f:\workspaces\visualstudio\leetcode\leetcode\x64\debug\leetcode92.obj
f:\workspaces\visualstudio\leetcode\leetcode\x64\debug\leetcode88.obj
f:\workspaces\visualstudio\leetcode\leetcode\x64\debug\leetcode86.obj
f:\workspaces\visualstudio\leetcode\leetcode\x64\debug\leetcode844.obj
f:\workspaces\visualstudio\leetcode\leetcode\x64\debug\leetcode83.obj
f:\workspaces\visualstudio\leetcode\leetcode\x64\debug\leetcode80.obj
f:\workspaces\visualstudio\leetcode\leetcode\x64\debug\leetcode75.obj
f:\workspaces\visualstudio\leetcode\leetcode\x64\debug\leetcode445.obj
f:\workspaces\visualstudio\leetcode\leetcode\x64\debug\leetcode438.obj
f:\workspaces\visualstudio\leetcode\leetcode\x64\debug\leetcode350.obj
f:\workspaces\visualstudio\leetcode\leetcode\x64\debug\leetcode35.obj
f:\workspaces\visualstudio\leetcode\x64\debug\leetcode.ilk
f:\workspaces\visualstudio\leetcode\x64\debug\leetcode.exe
f:\workspaces\visualstudio\leetcode\x64\debug\leetcode.pdb
f:\workspaces\visualstudio\leetcode\leetcode\x64\debug\leetcode.tlog\cl.command.1.tlog
f:\workspaces\visualstudio\leetcode\leetcode\x64\debug\leetcode.tlog\cl.read.1.tlog
f:\workspaces\visualstudio\leetcode\leetcode\x64\debug\leetcode.tlog\cl.write.1.tlog
f:\workspaces\visualstudio\leetcode\leetcode\x64\debug\leetcode.tlog\link.command.1.tlog
f:\workspaces\visualstudio\leetcode\leetcode\x64\debug\leetcode.tlog\link.read.1.tlog
f:\workspaces\visualstudio\leetcode\leetcode\x64\debug\leetcode.tlog\link.write.1.tlog
