f:\workspaces\visualstudio\leetcode\leetcode\debug\vc141.pdb
f:\workspaces\visualstudio\leetcode\leetcode\debug\vc141.idb
f:\workspaces\visualstudio\leetcode\leetcode\debug\quicksort.obj
f:\workspaces\visualstudio\leetcode\leetcode\debug\leetcode88.obj
f:\workspaces\visualstudio\leetcode\leetcode\debug\leetcode80.obj
f:\workspaces\visualstudio\leetcode\leetcode\debug\leetcode75.obj
f:\workspaces\visualstudio\leetcode\leetcode\debug\leetcode35.obj
f:\workspaces\visualstudio\leetcode\leetcode\debug\leetcode345.obj
f:\workspaces\visualstudio\leetcode\leetcode\debug\leetcode344.obj
f:\workspaces\visualstudio\leetcode\leetcode\debug\leetcode14.obj
f:\workspaces\visualstudio\leetcode\leetcode\debug\leetcode13.obj
f:\workspaces\visualstudio\leetcode\leetcode\debug\leetcode283.obj
f:\workspaces\visualstudio\leetcode\leetcode\debug\leetcode27.obj
f:\workspaces\visualstudio\leetcode\leetcode\debug\leetcode26.obj
f:\workspaces\visualstudio\leetcode\leetcode\debug\leetcode215.obj
f:\workspaces\visualstudio\leetcode\leetcode\debug\leetcode167.obj
f:\workspaces\visualstudio\leetcode\leetcode\debug\leetcode125.obj
f:\workspaces\visualstudio\leetcode\debug\leetcode.exe
f:\workspaces\visualstudio\leetcode\debug\leetcode.ilk
f:\workspaces\visualstudio\leetcode\debug\leetcode.pdb
f:\workspaces\visualstudio\leetcode\leetcode\debug\leetcode.tlog\cl.command.1.tlog
f:\workspaces\visualstudio\leetcode\leetcode\debug\leetcode.tlog\cl.read.1.tlog
f:\workspaces\visualstudio\leetcode\leetcode\debug\leetcode.tlog\cl.write.1.tlog
f:\workspaces\visualstudio\leetcode\leetcode\debug\leetcode.tlog\link.command.1.tlog
f:\workspaces\visualstudio\leetcode\leetcode\debug\leetcode.tlog\link.read.1.tlog
f:\workspaces\visualstudio\leetcode\leetcode\debug\leetcode.tlog\link.write.1.tlog
