  Leetcode11.cpp
  Leetcode125.cpp
  Leetcode167.cpp
  Leetcode2.cpp
  Leetcode202.cpp
f:\workspaces\visualstudio\leetcode\leetcode\leetcode202.cpp(15): warning C4244: “=”: 从“double”转换到“int”，可能丢失数据
  Leetcode206.cpp
  Leetcode209.cpp
f:\workspaces\visualstudio\leetcode\leetcode\leetcode209.cpp(12): warning C4018: “<”: 有符号/无符号不匹配
f:\workspaces\visualstudio\leetcode\leetcode\leetcode209.cpp(13): warning C4018: “<”: 有符号/无符号不匹配
  Leetcode215.cpp
  Leetcode242.cpp
f:\workspaces\visualstudio\leetcode\leetcode\leetcode242.cpp(14): warning C4018: “<”: 有符号/无符号不匹配
f:\workspaces\visualstudio\leetcode\leetcode\leetcode242.cpp(16): warning C4018: “<”: 有符号/无符号不匹配
f:\workspaces\visualstudio\leetcode\leetcode\leetcode242.cpp(18): warning C4018: “<”: 有符号/无符号不匹配
  Leetcode26.cpp
f:\workspaces\visualstudio\leetcode\leetcode\leetcode26.cpp(12): warning C4018: “<”: 有符号/无符号不匹配
  Leetcode27.cpp
f:\workspaces\visualstudio\leetcode\leetcode\leetcode27.cpp(7): warning C4018: “<”: 有符号/无符号不匹配
  Leetcode283.cpp
f:\workspaces\visualstudio\leetcode\leetcode\leetcode283.cpp(7): warning C4018: “<”: 有符号/无符号不匹配
  Leetcode13.cpp
  Leetcode14.cpp
f:\workspaces\visualstudio\leetcode\leetcode\leetcode14.cpp(13): warning C4018: “<”: 有符号/无符号不匹配
  Leetcode290.cpp
f:\workspaces\visualstudio\leetcode\leetcode\leetcode290.cpp(22): warning C4018: “<”: 有符号/无符号不匹配
  Leetcode3.cpp
f:\workspaces\visualstudio\leetcode\leetcode\leetcode3.cpp(13): warning C4018: “<”: 有符号/无符号不匹配
f:\workspaces\visualstudio\leetcode\leetcode\leetcode3.cpp(14): warning C4018: “<”: 有符号/无符号不匹配
  Leetcode328.cpp
  Leetcode344.cpp
  Leetcode345.cpp
  Leetcode349.cpp
f:\workspaces\visualstudio\leetcode\leetcode\leetcode349.cpp(11): warning C4018: “<”: 有符号/无符号不匹配
  正在生成代码...
  正在编译...
  Leetcode35.cpp
f:\workspaces\visualstudio\leetcode\leetcode\leetcode35.cpp(6): warning C4018: “<”: 有符号/无符号不匹配
  Leetcode350.cpp
f:\workspaces\visualstudio\leetcode\leetcode\leetcode350.cpp(11): warning C4018: “<”: 有符号/无符号不匹配
f:\workspaces\visualstudio\leetcode\leetcode\leetcode350.cpp(15): warning C4018: “<”: 有符号/无符号不匹配
  Leetcode438.cpp
f:\workspaces\visualstudio\leetcode\leetcode\leetcode438.cpp(16): warning C4018: “<”: 有符号/无符号不匹配
f:\workspaces\visualstudio\leetcode\leetcode\leetcode438.cpp(21): warning C4018: “<”: 有符号/无符号不匹配
f:\workspaces\visualstudio\leetcode\leetcode\leetcode438.cpp(22): warning C4018: “<”: 有符号/无符号不匹配
f:\workspaces\visualstudio\leetcode\leetcode\leetcode438.cpp(27): warning C4018: “<”: 有符号/无符号不匹配
f:\workspaces\visualstudio\leetcode\leetcode\leetcode438.cpp(35): warning C4018: “<”: 有符号/无符号不匹配
f:\workspaces\visualstudio\leetcode\leetcode\leetcode438.cpp(37): warning C4018: “<”: 有符号/无符号不匹配
  Leetcode445.cpp
  Leetcode75.cpp
  Leetcode80.cpp
f:\workspaces\visualstudio\leetcode\leetcode\leetcode80.cpp(13): warning C4018: “<”: 有符号/无符号不匹配
  Leetcode83.cpp
  Leetcode844.cpp
f:\workspaces\visualstudio\leetcode\leetcode\leetcode844.cpp(45): warning C4018: “<”: 有符号/无符号不匹配
  Leetcode86.cpp
  Leetcode88.cpp
  Leetcode92.cpp
  QuickSort.cpp
  正在生成代码...
  leetcode.vcxproj -> F:\Workspaces\VisualStudio\leetcode\Debug\leetcode.exe
